<?xml version='1.0'?>
<ns2:test-suite xmlns:ns2='urn:model.allure.qatools.yandex.ru' start='1618998306220' stop='1618998338129'>
    <name>Simple Calculator </name>
    <title>Simple Calculator </title>
    <test-cases>
        <test-case start='1618998306221' status='failed' stop='1618998317760'>
            <name>Addition Of Numbers</name>
            <title>Addition Of Numbers</title>
            <labels/>
            <parameters/>
            <steps/>
            <attachments/>
            <failure>
                <message>Expected 10 to equal 111.</message>
                <stack-trace>Error: Failed expectation
                    at F:\Synechron_Protractor\Training\protractor\development.js:28:29
                    at elementArrayFinder_.then (C:\Users\dell\AppData\Roaming\npm\node_modules\protractor\built\element.js:804:32)
                    at ManagedPromise.invokeCallback_ (C:\Users\dell\AppData\Roaming\npm\node_modules\protractor\node_modules\selenium-webdriver\lib\promise.js:1376:14)
                    at TaskQueue.execute_ (C:\Users\dell\AppData\Roaming\npm\node_modules\protractor\node_modules\selenium-webdriver\lib\promise.js:3084:14)
                    at TaskQueue.executeNext_ (C:\Users\dell\AppData\Roaming\npm\node_modules\protractor\node_modules\selenium-webdriver\lib\promise.js:3067:27)
                    at asyncRun (C:\Users\dell\AppData\Roaming\npm\node_modules\protractor\node_modules\selenium-webdriver\lib\promise.js:2927:27)
                    at C:\Users\dell\AppData\Roaming\npm\node_modules\protractor\node_modules\selenium-webdriver\lib\promise.js:668:7
                    at process._tickCallback (internal/process/next_tick.js:68:7)</stack-trace>
            </failure>
        </test-case>
        <test-case start='1618998317761' status='failed' stop='1618998323631'>
            <name>Substraction Of Numbers</name>
            <title>Substraction Of Numbers</title>
            <labels/>
            <parameters/>
            <steps/>
            <attachments/>
            <failure>
                <message>Expected 0 to equal 10.</message>
                <stack-trace>Error: Failed expectation
                    at F:\Synechron_Protractor\Training\protractor\development.js:42:29
                    at elementArrayFinder_.then (C:\Users\dell\AppData\Roaming\npm\node_modules\protractor\built\element.js:804:32)
                    at ManagedPromise.invokeCallback_ (C:\Users\dell\AppData\Roaming\npm\node_modules\protractor\node_modules\selenium-webdriver\lib\promise.js:1376:14)
                    at TaskQueue.execute_ (C:\Users\dell\AppData\Roaming\npm\node_modules\protractor\node_modules\selenium-webdriver\lib\promise.js:3084:14)
                    at TaskQueue.executeNext_ (C:\Users\dell\AppData\Roaming\npm\node_modules\protractor\node_modules\selenium-webdriver\lib\promise.js:3067:27)
                    at asyncRun (C:\Users\dell\AppData\Roaming\npm\node_modules\protractor\node_modules\selenium-webdriver\lib\promise.js:2927:27)
                    at C:\Users\dell\AppData\Roaming\npm\node_modules\protractor\node_modules\selenium-webdriver\lib\promise.js:668:7
                    at process._tickCallback (internal/process/next_tick.js:68:7)</stack-trace>
            </failure>
        </test-case>
        <test-case start='1618998323631' status='passed' stop='1618998331420'>
            <name>Multiplication  Of Numbers</name>
            <title>Multiplication  Of Numbers</title>
            <labels/>
            <parameters/>
            <steps/>
            <attachments/>
        </test-case>
        <test-case start='1618998331420' status='passed' stop='1618998338127'>
            <name>Division Of Numbers</name>
            <title>Division Of Numbers</title>
            <labels/>
            <parameters/>
            <steps/>
            <attachments/>
        </test-case>
    </test-cases>
</ns2:test-suite>