<?xml version='1.0'?>
<ns2:test-suite xmlns:ns2='urn:model.allure.qatools.yandex.ru' start='1619087650016' stop='1619087697143'>
    <name>Simple Calculator </name>
    <title>Simple Calculator </title>
    <test-cases>
        <test-case start='1619087650016' status='failed' stop='1619087684891'>
            <name>Mouse Movement Operations using Actions</name>
            <title>Mouse Movement Operations using Actions</title>
            <labels/>
            <parameters/>
            <steps/>
            <attachments/>
            <failure>
                <message>Error: Timeout - Async callback was not invoked within timeout specified by jasmine.DEFAULT_TIMEOUT_INTERVAL.</message>
                <stack-trace>Error: Timeout - Async callback was not invoked within timeout specified by jasmine.DEFAULT_TIMEOUT_INTERVAL.
                    at Timeout._onTimeout (C:\Users\dell\AppData\Roaming\npm\node_modules\protractor\node_modules\jasmine-core\lib\jasmine-core\jasmine.js:4281:23)
                    at ontimeout (timers.js:436:11)
                    at tryOnTimeout (timers.js:300:5)
                    at listOnTimeout (timers.js:263:5)
                    at Timer.processTimers (timers.js:223:10)</stack-trace>
            </failure>
        </test-case>
        <test-case start='1619087684891' status='failed' stop='1619087697142'>
            <name>Drag and Drop Demo</name>
            <title>Drag and Drop Demo</title>
            <labels/>
            <parameters/>
            <steps/>
            <attachments/>
            <failure>
                <message>WebDriverError: chrome not reachable
                  (Session info: chrome=90.0.4430.85)
                  (Driver info: chromedriver=90.0.4430.24 (4c6d850f087da467d926e8eddb76550aed655991-refs/branch-heads/4430@{#429}),platform=Windows NT 10.0.19041 x86_64)</message>
                <stack-trace>WebDriverError: chrome not reachable
                  (Session info: chrome=90.0.4430.85)
                  (Driver info: chromedriver=90.0.4430.24 (4c6d850f087da467d926e8eddb76550aed655991-refs/branch-heads/4430@{#429}),platform=Windows NT 10.0.19041 x86_64)
                    at Object.checkLegacyResponse (C:\Users\dell\AppData\Roaming\npm\node_modules\protractor\node_modules\selenium-webdriver\lib\error.js:546:15)
                    at parseHttpResponse (C:\Users\dell\AppData\Roaming\npm\node_modules\protractor\node_modules\selenium-webdriver\lib\http.js:509:13)
                    at doSend.then.response (C:\Users\dell\AppData\Roaming\npm\node_modules\protractor\node_modules\selenium-webdriver\lib\http.js:441:30)
                    at process._tickCallback (internal/process/next_tick.js:68:7)
                From: Task: WebDriver.takeScreenshot()
                    at Driver.schedule (C:\Users\dell\AppData\Roaming\npm\node_modules\protractor\node_modules\selenium-webdriver\lib\webdriver.js:807:17)
                    at Driver.takeScreenshot (C:\Users\dell\AppData\Roaming\npm\node_modules\protractor\node_modules\selenium-webdriver\lib\webdriver.js:1085:17)
                    at run (C:\Users\dell\AppData\Roaming\npm\node_modules\protractor\built\browser.js:58:33)
                    at ProtractorBrowser.to.(anonymous function) [as takeScreenshot] (C:\Users\dell\AppData\Roaming\npm\node_modules\protractor\built\browser.js:66:16)
                    at F:\Synechron_Protractor\Training\protractor\node_modules\protractor-jasmine2-screenshot-reporter\index.js:600:23
                    at F:\Synechron_Protractor\Training\protractor\node_modules\lodash\lodash.js:4967:15
                    at baseForOwn (F:\Synechron_Protractor\Training\protractor\node_modules\lodash\lodash.js:3032:24)
                    at F:\Synechron_Protractor\Training\protractor\node_modules\lodash\lodash.js:4936:18
                    at Function.forEach (F:\Synechron_Protractor\Training\protractor\node_modules\lodash\lodash.js:9410:14)
                    at Jasmine2ScreenShotReporter.specDone (F:\Synechron_Protractor\Training\protractor\node_modules\protractor-jasmine2-screenshot-reporter\index.js:596:7)</stack-trace>
            </failure>
        </test-case>
    </test-cases>
</ns2:test-suite>