<?xml version='1.0'?>
<ns2:test-suite xmlns:ns2='urn:model.allure.qatools.yandex.ru' start='1619001660129' stop='1619001675926'>
    <name>Simple Calculator </name>
    <title>Simple Calculator </title>
    <test-cases>
        <test-case start='1619001660130' status='failed' stop='1619001671452'>
            <name>Addition Of Numbers</name>
            <title>Addition Of Numbers</title>
            <labels/>
            <parameters/>
            <steps/>
            <attachments/>
            <failure>
                <message>Expected 10 to equal 111.</message>
                <stack-trace>Error: Failed expectation
                    at F:\Synechron_Protractor\Training\protractor\development.js:28:29
                    at elementArrayFinder_.then (C:\Users\dell\AppData\Roaming\npm\node_modules\protractor\built\element.js:804:32)
                    at ManagedPromise.invokeCallback_ (C:\Users\dell\AppData\Roaming\npm\node_modules\protractor\node_modules\selenium-webdriver\lib\promise.js:1376:14)
                    at TaskQueue.execute_ (C:\Users\dell\AppData\Roaming\npm\node_modules\protractor\node_modules\selenium-webdriver\lib\promise.js:3084:14)
                    at TaskQueue.executeNext_ (C:\Users\dell\AppData\Roaming\npm\node_modules\protractor\node_modules\selenium-webdriver\lib\promise.js:3067:27)
                    at asyncRun (C:\Users\dell\AppData\Roaming\npm\node_modules\protractor\node_modules\selenium-webdriver\lib\promise.js:2927:27)
                    at C:\Users\dell\AppData\Roaming\npm\node_modules\protractor\node_modules\selenium-webdriver\lib\promise.js:668:7
                    at process._tickCallback (internal/process/next_tick.js:68:7)</stack-trace>
            </failure>
        </test-case>
        <test-case start='1619001671452' status='failed' stop='1619001675818'>
            <name>Substraction Of Numbers</name>
            <title>Substraction Of Numbers</title>
            <labels/>
            <parameters/>
            <steps/>
            <attachments/>
            <failure>
                <message>Failed: no such window: target window already closed
                from unknown error: web view not found
                  (Session info: chrome=90.0.4430.72)
                  (Driver info: chromedriver=90.0.4430.24 (4c6d850f087da467d926e8eddb76550aed655991-refs/branch-heads/4430@{#429}),platform=Windows NT 10.0.19041 x86_64)</message>
                <stack-trace>NoSuchWindowError: no such window: target window already closed
                from unknown error: web view not found
                  (Session info: chrome=90.0.4430.72)
                  (Driver info: chromedriver=90.0.4430.24 (4c6d850f087da467d926e8eddb76550aed655991-refs/branch-heads/4430@{#429}),platform=Windows NT 10.0.19041 x86_64)
                    at Object.checkLegacyResponse (C:\Users\dell\AppData\Roaming\npm\node_modules\protractor\node_modules\selenium-webdriver\lib\error.js:546:15)
                    at parseHttpResponse (C:\Users\dell\AppData\Roaming\npm\node_modules\protractor\node_modules\selenium-webdriver\lib\http.js:509:13)
                    at doSend.then.response (C:\Users\dell\AppData\Roaming\npm\node_modules\protractor\node_modules\selenium-webdriver\lib\http.js:441:30)
                    at process._tickCallback (internal/process/next_tick.js:68:7)
                From: Task: WebDriver.executeScript()
                    at Driver.schedule (C:\Users\dell\AppData\Roaming\npm\node_modules\protractor\node_modules\selenium-webdriver\lib\webdriver.js:807:17)
                    at Driver.executeScript (C:\Users\dell\AppData\Roaming\npm\node_modules\protractor\node_modules\selenium-webdriver\lib\webdriver.js:878:16)
                    at C:\Users\dell\AppData\Roaming\npm\node_modules\protractor\node_modules\selenium-webdriver\lib\by.js:191:35
                    at call (C:\Users\dell\AppData\Roaming\npm\node_modules\protractor\node_modules\selenium-webdriver\lib\webdriver.js:1068:28)
                    at C:\Users\dell\AppData\Roaming\npm\node_modules\protractor\node_modules\selenium-webdriver\lib\webdriver.js:907:19
                    at ManagedPromise.invokeCallback_ (C:\Users\dell\AppData\Roaming\npm\node_modules\protractor\node_modules\selenium-webdriver\lib\promise.js:1376:14)
                    at TaskQueue.execute_ (C:\Users\dell\AppData\Roaming\npm\node_modules\protractor\node_modules\selenium-webdriver\lib\promise.js:3084:14)
                    at TaskQueue.executeNext_ (C:\Users\dell\AppData\Roaming\npm\node_modules\protractor\node_modules\selenium-webdriver\lib\promise.js:3067:27)
                    at asyncRun (C:\Users\dell\AppData\Roaming\npm\node_modules\protractor\node_modules\selenium-webdriver\lib\promise.js:2974:25)
                    at C:\Users\dell\AppData\Roaming\npm\node_modules\protractor\node_modules\selenium-webdriver\lib\promise.js:668:7
                From: Task: WebDriver.call(function)
                    at Driver.call (C:\Users\dell\AppData\Roaming\npm\node_modules\protractor\node_modules\selenium-webdriver\lib\webdriver.js:901:23)
                    at Driver.findElementsInternal_ (C:\Users\dell\AppData\Roaming\npm\node_modules\protractor\node_modules\selenium-webdriver\lib\webdriver.js:1068:17)
                    at Driver.findElements (C:\Users\dell\AppData\Roaming\npm\node_modules\protractor\node_modules\selenium-webdriver\lib\webdriver.js:1043:19)
                    at Object.findElementsOverride (C:\Users\dell\AppData\Roaming\npm\node_modules\protractor\built\locators.js:121:31)
                    at ptor.waitForAngular.then (C:\Users\dell\AppData\Roaming\npm\node_modules\protractor\built\element.js:156:40)
                    at ManagedPromise.invokeCallback_ (C:\Users\dell\AppData\Roaming\npm\node_modules\protractor\node_modules\selenium-webdriver\lib\promise.js:1376:14)
                    at TaskQueue.execute_ (C:\Users\dell\AppData\Roaming\npm\node_modules\protractor\node_modules\selenium-webdriver\lib\promise.js:3084:14)
                    at TaskQueue.executeNext_ (C:\Users\dell\AppData\Roaming\npm\node_modules\protractor\node_modules\selenium-webdriver\lib\promise.js:3067:27)
                    at asyncRun (C:\Users\dell\AppData\Roaming\npm\node_modules\protractor\node_modules\selenium-webdriver\lib\promise.js:2927:27)
                    at C:\Users\dell\AppData\Roaming\npm\node_modules\protractor\node_modules\selenium-webdriver\lib\promise.js:668:7Error
                    at ElementArrayFinder.applyAction_ (C:\Users\dell\AppData\Roaming\npm\node_modules\protractor\built\element.js:459:27)
                    at ElementArrayFinder.(anonymous function).args [as getText] (C:\Users\dell\AppData\Roaming\npm\node_modules\protractor\built\element.js:91:29)
                    at ElementFinder.(anonymous function).args [as getText] (C:\Users\dell\AppData\Roaming\npm\node_modules\protractor\built\element.js:831:22)
                    at UserContext.&lt;anonymous> (F:\Synechron_Protractor\Training\protractor\development.js:40:39)
                    at C:\Users\dell\AppData\Roaming\npm\node_modules\protractor\node_modules\jasminewd2\index.js:112:25
                    at new ManagedPromise (C:\Users\dell\AppData\Roaming\npm\node_modules\protractor\node_modules\selenium-webdriver\lib\promise.js:1077:7)
                    at ControlFlow.promise (C:\Users\dell\AppData\Roaming\npm\node_modules\protractor\node_modules\selenium-webdriver\lib\promise.js:2505:12)
                    at schedulerExecute (C:\Users\dell\AppData\Roaming\npm\node_modules\protractor\node_modules\jasminewd2\index.js:95:18)
                    at TaskQueue.execute_ (C:\Users\dell\AppData\Roaming\npm\node_modules\protractor\node_modules\selenium-webdriver\lib\promise.js:3084:14)
                    at TaskQueue.executeNext_ (C:\Users\dell\AppData\Roaming\npm\node_modules\protractor\node_modules\selenium-webdriver\lib\promise.js:3067:27)
                From: Task: Run it("Substraction Of Numbers") in control flow
                    at UserContext.&lt;anonymous> (C:\Users\dell\AppData\Roaming\npm\node_modules\protractor\node_modules\jasminewd2\index.js:94:19)
                    at attempt (C:\Users\dell\AppData\Roaming\npm\node_modules\protractor\node_modules\jasmine-core\lib\jasmine-core\jasmine.js:4297:26)
                    at QueueRunner.run (C:\Users\dell\AppData\Roaming\npm\node_modules\protractor\node_modules\jasmine-core\lib\jasmine-core\jasmine.js:4217:20)
                    at QueueRunner.execute (C:\Users\dell\AppData\Roaming\npm\node_modules\protractor\node_modules\jasmine-core\lib\jasmine-core\jasmine.js:4199:10)
                    at Spec.queueRunnerFactory (C:\Users\dell\AppData\Roaming\npm\node_modules\protractor\node_modules\jasmine-core\lib\jasmine-core\jasmine.js:909:35)
                    at Spec.execute (C:\Users\dell\AppData\Roaming\npm\node_modules\protractor\node_modules\jasmine-core\lib\jasmine-core\jasmine.js:526:10)
                    at UserContext.fn (C:\Users\dell\AppData\Roaming\npm\node_modules\protractor\node_modules\jasmine-core\lib\jasmine-core\jasmine.js:5340:37)
                    at attempt (C:\Users\dell\AppData\Roaming\npm\node_modules\protractor\node_modules\jasmine-core\lib\jasmine-core\jasmine.js:4297:26)
                    at QueueRunner.run (C:\Users\dell\AppData\Roaming\npm\node_modules\protractor\node_modules\jasmine-core\lib\jasmine-core\jasmine.js:4217:20)
                    at runNext (C:\Users\dell\AppData\Roaming\npm\node_modules\protractor\node_modules\jasmine-core\lib\jasmine-core\jasmine.js:4257:20)
                From asynchronous test: 
                Error
                    at Suite.&lt;anonymous> (F:\Synechron_Protractor\Training\protractor\development.js:35:5)
                    at addSpecsToSuite (C:\Users\dell\AppData\Roaming\npm\node_modules\protractor\node_modules\jasmine-core\lib\jasmine-core\jasmine.js:1107:25)
                    at Env.describe (C:\Users\dell\AppData\Roaming\npm\node_modules\protractor\node_modules\jasmine-core\lib\jasmine-core\jasmine.js:1074:7)
                    at describe (C:\Users\dell\AppData\Roaming\npm\node_modules\protractor\node_modules\jasmine-core\lib\jasmine-core\jasmine.js:4399:18)
                    at Object.&lt;anonymous> (F:\Synechron_Protractor\Training\protractor\development.js:1:63)
                    at Module._compile (internal/modules/cjs/loader.js:689:30)
                    at Object.Module._extensions..js (internal/modules/cjs/loader.js:700:10)
                    at Module.load (internal/modules/cjs/loader.js:599:32)
                    at tryModuleLoad (internal/modules/cjs/loader.js:538:12)</stack-trace>
            </failure>
        </test-case>
        <test-case start='1619001675818' status='failed' stop='1619001675897'>
            <name>Multiplication  Of Numbers</name>
            <title>Multiplication  Of Numbers</title>
            <labels/>
            <parameters/>
            <steps/>
            <attachments/>
            <failure>
                <message>NoSuchWindowError: no such window: target window already closed
                from unknown error: web view not found
                  (Session info: chrome=90.0.4430.72)
                  (Driver info: chromedriver=90.0.4430.24 (4c6d850f087da467d926e8eddb76550aed655991-refs/branch-heads/4430@{#429}),platform=Windows NT 10.0.19041 x86_64)</message>
                <stack-trace>NoSuchWindowError: no such window: target window already closed
                from unknown error: web view not found
                  (Session info: chrome=90.0.4430.72)
                  (Driver info: chromedriver=90.0.4430.24 (4c6d850f087da467d926e8eddb76550aed655991-refs/branch-heads/4430@{#429}),platform=Windows NT 10.0.19041 x86_64)
                    at Object.checkLegacyResponse (C:\Users\dell\AppData\Roaming\npm\node_modules\protractor\node_modules\selenium-webdriver\lib\error.js:546:15)
                    at parseHttpResponse (C:\Users\dell\AppData\Roaming\npm\node_modules\protractor\node_modules\selenium-webdriver\lib\http.js:509:13)
                    at doSend.then.response (C:\Users\dell\AppData\Roaming\npm\node_modules\protractor\node_modules\selenium-webdriver\lib\http.js:441:30)
                    at process._tickCallback (internal/process/next_tick.js:68:7)
                From: Task: WebDriver.takeScreenshot()
                    at Driver.schedule (C:\Users\dell\AppData\Roaming\npm\node_modules\protractor\node_modules\selenium-webdriver\lib\webdriver.js:807:17)
                    at Driver.takeScreenshot (C:\Users\dell\AppData\Roaming\npm\node_modules\protractor\node_modules\selenium-webdriver\lib\webdriver.js:1085:17)
                    at run (C:\Users\dell\AppData\Roaming\npm\node_modules\protractor\built\browser.js:58:33)
                    at ProtractorBrowser.to.(anonymous function) [as takeScreenshot] (C:\Users\dell\AppData\Roaming\npm\node_modules\protractor\built\browser.js:66:16)
                    at F:\Synechron_Protractor\Training\protractor\node_modules\protractor-jasmine2-screenshot-reporter\index.js:600:23
                    at F:\Synechron_Protractor\Training\protractor\node_modules\lodash\lodash.js:4967:15
                    at baseForOwn (F:\Synechron_Protractor\Training\protractor\node_modules\lodash\lodash.js:3032:24)
                    at F:\Synechron_Protractor\Training\protractor\node_modules\lodash\lodash.js:4936:18
                    at Function.forEach (F:\Synechron_Protractor\Training\protractor\node_modules\lodash\lodash.js:9410:14)
                    at Jasmine2ScreenShotReporter.specDone (F:\Synechron_Protractor\Training\protractor\node_modules\protractor-jasmine2-screenshot-reporter\index.js:596:7)</stack-trace>
            </failure>
        </test-case>
        <test-case start='1619001675898' status='failed' stop='1619001675924'>
            <name>Division Of Numbers</name>
            <title>Division Of Numbers</title>
            <labels/>
            <parameters/>
            <steps/>
            <attachments/>
            <failure>
                <message>NoSuchWindowError: no such window: target window already closed
                from unknown error: web view not found
                  (Session info: chrome=90.0.4430.72)
                  (Driver info: chromedriver=90.0.4430.24 (4c6d850f087da467d926e8eddb76550aed655991-refs/branch-heads/4430@{#429}),platform=Windows NT 10.0.19041 x86_64)</message>
                <stack-trace>NoSuchWindowError: no such window: target window already closed
                from unknown error: web view not found
                  (Session info: chrome=90.0.4430.72)
                  (Driver info: chromedriver=90.0.4430.24 (4c6d850f087da467d926e8eddb76550aed655991-refs/branch-heads/4430@{#429}),platform=Windows NT 10.0.19041 x86_64)
                    at Object.checkLegacyResponse (C:\Users\dell\AppData\Roaming\npm\node_modules\protractor\node_modules\selenium-webdriver\lib\error.js:546:15)
                    at parseHttpResponse (C:\Users\dell\AppData\Roaming\npm\node_modules\protractor\node_modules\selenium-webdriver\lib\http.js:509:13)
                    at doSend.then.response (C:\Users\dell\AppData\Roaming\npm\node_modules\protractor\node_modules\selenium-webdriver\lib\http.js:441:30)
                    at process._tickCallback (internal/process/next_tick.js:68:7)
                From: Task: WebDriver.takeScreenshot()
                    at Driver.schedule (C:\Users\dell\AppData\Roaming\npm\node_modules\protractor\node_modules\selenium-webdriver\lib\webdriver.js:807:17)
                    at Driver.takeScreenshot (C:\Users\dell\AppData\Roaming\npm\node_modules\protractor\node_modules\selenium-webdriver\lib\webdriver.js:1085:17)
                    at run (C:\Users\dell\AppData\Roaming\npm\node_modules\protractor\built\browser.js:58:33)
                    at ProtractorBrowser.to.(anonymous function) [as takeScreenshot] (C:\Users\dell\AppData\Roaming\npm\node_modules\protractor\built\browser.js:66:16)
                    at F:\Synechron_Protractor\Training\protractor\node_modules\protractor-jasmine2-screenshot-reporter\index.js:600:23
                    at F:\Synechron_Protractor\Training\protractor\node_modules\lodash\lodash.js:4967:15
                    at baseForOwn (F:\Synechron_Protractor\Training\protractor\node_modules\lodash\lodash.js:3032:24)
                    at F:\Synechron_Protractor\Training\protractor\node_modules\lodash\lodash.js:4936:18
                    at Function.forEach (F:\Synechron_Protractor\Training\protractor\node_modules\lodash\lodash.js:9410:14)
                    at Jasmine2ScreenShotReporter.specDone (F:\Synechron_Protractor\Training\protractor\node_modules\protractor-jasmine2-screenshot-reporter\index.js:596:7)</stack-trace>
            </failure>
        </test-case>
    </test-cases>
</ns2:test-suite>